ArchFW Log File, created on [2018-11-29 19:25:50] in [D:\PHPStorm\ArchFW\logs\ArchFWExceptions.log]
[2018-11-29 19:25:50]
		[606] [RedirectOnMatch adress does not have assigned route path.]
		Line 159 in file [D:\PHPStorm\ArchFW\src\ArchFW\Controllers\Router.php]
[2018-11-29 19:25:56]
		[605] [Not found]
		Line 176 in file [D:\PHPStorm\ArchFW\src\ArchFW\Controllers\Router.php]
[2018-12-05 22:53:59]
		[605] [Not found]
		Line 176 in file [D:\PHPStorm\ArchFW\src\ArchFW\Controllers\Router.php]
[2018-12-05 23:12:42]
		[606] [RedirectOnMatch adress does not have assigned route path.]
		Line 159 in file [D:\PHPStorm\ArchFW\src\ArchFW\Controllers\Router.php]
[2018-12-06 01:13:21]
		[601] [Route test has not been found in routes file!]
		Line 63 in file [D:\PHPStorm\ArchFW\src\ArchFW\Controllers\NewRouter.php]
[2018-12-06 01:16:35]
		[601] [Route favicon.ico has not been found in routes file!]
		Line 69 in file [D:\PHPStorm\ArchFW\src\ArchFW\Controllers\NewRouter.php]
[2018-12-06 01:16:45]
		[601] [Route favicon.ico has not been found in routes file!]
		Line 69 in file [D:\PHPStorm\ArchFW\src\ArchFW\Controllers\NewRouter.php]
[2018-12-06 01:20:40]
		[601] [Route favicon.ico has not been found in routes file!]
		Line 69 in file [D:\PHPStorm\ArchFW\src\ArchFW\Controllers\NewRouter.php]
[2018-12-06 01:20:58]
		[601] [Route favicon.ico has not been found in routes file!]
		Line 69 in file [D:\PHPStorm\ArchFW\src\ArchFW\Controllers\NewRouter.php]
[2018-12-06 01:21:24]
		[601] [Route favicon.ico has not been found in routes file!]
		Line 69 in file [D:\PHPStorm\ArchFW\src\ArchFW\Controllers\NewRouter.php]
[2018-12-06 01:21:24]
		[601] [Route favicon.ico has not been found in routes file!]
		Line 69 in file [D:\PHPStorm\ArchFW\src\ArchFW\Controllers\NewRouter.php]
[2018-12-06 01:21:24]
		[601] [Route favicon.ico has not been found in routes file!]
		Line 69 in file [D:\PHPStorm\ArchFW\src\ArchFW\Controllers\NewRouter.php]
[2018-12-06 01:21:24]
		[601] [Route favicon.ico has not been found in routes file!]
		Line 69 in file [D:\PHPStorm\ArchFW\src\ArchFW\Controllers\NewRouter.php]
[2018-12-06 01:21:25]
		[601] [Route favicon.ico has not been found in routes file!]
		Line 69 in file [D:\PHPStorm\ArchFW\src\ArchFW\Controllers\NewRouter.php]
[2018-12-06 01:21:45]
		[601] [Route favicon.ico has not been found in routes file!]
		Line 69 in file [D:\PHPStorm\ArchFW\src\ArchFW\Controllers\NewRouter.php]
[2018-12-06 01:21:46]
		[601] [Route favicon.ico has not been found in routes file!]
		Line 69 in file [D:\PHPStorm\ArchFW\src\ArchFW\Controllers\NewRouter.php]
[2018-12-06 01:21:47]
		[601] [Route favicon.ico has not been found in routes file!]
		Line 69 in file [D:\PHPStorm\ArchFW\src\ArchFW\Controllers\NewRouter.php]
[2018-12-06 01:21:47]
		[601] [Route favicon.ico has not been found in routes file!]
		Line 69 in file [D:\PHPStorm\ArchFW\src\ArchFW\Controllers\NewRouter.php]
[2018-12-06 01:21:47]
		[601] [Route favicon.ico has not been found in routes file!]
		Line 69 in file [D:\PHPStorm\ArchFW\src\ArchFW\Controllers\NewRouter.php]
[2018-12-06 01:21:47]
		[601] [Route favicon.ico has not been found in routes file!]
		Line 69 in file [D:\PHPStorm\ArchFW\src\ArchFW\Controllers\NewRouter.php]
[2018-12-06 01:23:45]
		[601] [Route favicon.ico has not been found in routes file!]
		Line 68 in file [D:\PHPStorm\ArchFW\src\ArchFW\Controllers\NewRouter.php]
[2018-12-06 01:24:00]
		[601] [Route favicon.ico has not been found in routes file!]
		Line 68 in file [D:\PHPStorm\ArchFW\src\ArchFW\Controllers\NewRouter.php]
[2018-12-06 01:24:01]
		[601] [Route favicon.ico has not been found in routes file!]
		Line 68 in file [D:\PHPStorm\ArchFW\src\ArchFW\Controllers\NewRouter.php]
[2018-12-06 01:24:01]
		[601] [Route favicon.ico has not been found in routes file!]
		Line 68 in file [D:\PHPStorm\ArchFW\src\ArchFW\Controllers\NewRouter.php]
[2018-12-06 01:24:01]
		[601] [Route favicon.ico has not been found in routes file!]
		Line 68 in file [D:\PHPStorm\ArchFW\src\ArchFW\Controllers\NewRouter.php]
[2018-12-06 01:24:01]
		[601] [Route favicon.ico has not been found in routes file!]
		Line 68 in file [D:\PHPStorm\ArchFW\src\ArchFW\Controllers\NewRouter.php]
[2018-12-06 01:24:01]
		[601] [Route favicon.ico has not been found in routes file!]
		Line 68 in file [D:\PHPStorm\ArchFW\src\ArchFW\Controllers\NewRouter.php]
[2018-12-06 01:24:02]
		[601] [Route favicon.ico has not been found in routes file!]
		Line 68 in file [D:\PHPStorm\ArchFW\src\ArchFW\Controllers\NewRouter.php]
[2018-12-06 01:24:02]
		[601] [Route favicon.ico has not been found in routes file!]
		Line 68 in file [D:\PHPStorm\ArchFW\src\ArchFW\Controllers\NewRouter.php]
[2018-12-06 01:24:02]
		[601] [Route favicon.ico has not been found in routes file!]
		Line 68 in file [D:\PHPStorm\ArchFW\src\ArchFW\Controllers\NewRouter.php]
[2018-12-06 01:24:02]
		[601] [Route favicon.ico has not been found in routes file!]
		Line 68 in file [D:\PHPStorm\ArchFW\src\ArchFW\Controllers\NewRouter.php]
[2018-12-06 01:24:02]
		[601] [Route favicon.ico has not been found in routes file!]
		Line 68 in file [D:\PHPStorm\ArchFW\src\ArchFW\Controllers\NewRouter.php]
[2018-12-06 01:24:34]
		[601] [Route favicon.ico has not been found in routes file!]
		Line 68 in file [D:\PHPStorm\ArchFW\src\ArchFW\Controllers\NewRouter.php]
[2018-12-06 01:25:04]
		[601] [Route favicon.ico has not been found in routes file!]
		Line 68 in file [D:\PHPStorm\ArchFW\src\ArchFW\Controllers\NewRouter.php]
[2018-12-06 01:26:25]
		[601] [Route favicon.ico has not been found in routes file!]
		Line 68 in file [D:\PHPStorm\ArchFW\src\ArchFW\Controllers\NewRouter.php]
[2018-12-06 01:26:25]
		[601] [Route favicon.ico has not been found in routes file!]
		Line 68 in file [D:\PHPStorm\ArchFW\src\ArchFW\Controllers\NewRouter.php]
[2018-12-06 01:26:25]
		[601] [Route favicon.ico has not been found in routes file!]
		Line 68 in file [D:\PHPStorm\ArchFW\src\ArchFW\Controllers\NewRouter.php]
[2018-12-06 01:28:25]
		[601] [Route favicon.ico has not been found in routes file!]
		Line 70 in file [D:\PHPStorm\ArchFW\src\ArchFW\Controllers\NewRouter.php]
[2018-12-06 01:29:40]
		[601] [Route favicon.ico has not been found in routes file!]
		Line 70 in file [D:\PHPStorm\ArchFW\src\ArchFW\Controllers\Router.php]
[2018-12-06 01:29:41]
		[601] [Route favicon.ico has not been found in routes file!]
		Line 70 in file [D:\PHPStorm\ArchFW\src\ArchFW\Controllers\Router.php]
[2018-12-06 01:29:41]
		[601] [Route favicon.ico has not been found in routes file!]
		Line 70 in file [D:\PHPStorm\ArchFW\src\ArchFW\Controllers\Router.php]
[2018-12-06 01:29:41]
		[601] [Route favicon.ico has not been found in routes file!]
		Line 70 in file [D:\PHPStorm\ArchFW\src\ArchFW\Controllers\Router.php]
[2018-12-06 01:29:42]
		[601] [Route favicon.ico has not been found in routes file!]
		Line 70 in file [D:\PHPStorm\ArchFW\src\ArchFW\Controllers\Router.php]
[2018-12-06 01:29:42]
		[601] [Route favicon.ico has not been found in routes file!]
		Line 70 in file [D:\PHPStorm\ArchFW\src\ArchFW\Controllers\Router.php]
[2018-12-06 01:29:42]
		[601] [Route favicon.ico has not been found in routes file!]
		Line 70 in file [D:\PHPStorm\ArchFW\src\ArchFW\Controllers\Router.php]
[2018-12-06 01:29:42]
		[601] [Route favicon.ico has not been found in routes file!]
		Line 70 in file [D:\PHPStorm\ArchFW\src\ArchFW\Controllers\Router.php]
[2018-12-06 01:35:51]
		[601] [Route favicon.ico has not been found in routes file!]
		Line 70 in file [D:\PHPStorm\ArchFW\src\ArchFW\Controllers\Router.php]
[2018-12-06 01:43:51]
		[601] [Route favicon.ico has not been found in routes file!]
		Line 73 in file [D:\PHPStorm\ArchFW\src\ArchFW\Controllers\Router.php]
[2018-12-06 01:43:52]
		[601] [Route favicon.ico has not been found in routes file!]
		Line 73 in file [D:\PHPStorm\ArchFW\src\ArchFW\Controllers\Router.php]
[2018-12-06 01:43:53]
		[601] [Route favicon.ico has not been found in routes file!]
		Line 73 in file [D:\PHPStorm\ArchFW\src\ArchFW\Controllers\Router.php]
[2018-12-06 01:43:53]
		[601] [Route favicon.ico has not been found in routes file!]
		Line 73 in file [D:\PHPStorm\ArchFW\src\ArchFW\Controllers\Router.php]
[2018-12-06 01:45:11]
		[601] [Route favicon.ico has not been found in routes file!]
		Line 73 in file [D:\PHPStorm\ArchFW\src\ArchFW\Controllers\Router.php]
[2018-12-06 01:45:12]
		[601] [Route favicon.ico has not been found in routes file!]
		Line 73 in file [D:\PHPStorm\ArchFW\src\ArchFW\Controllers\Router.php]
[2018-12-06 01:45:13]
		[601] [Route favicon.ico has not been found in routes file!]
		Line 73 in file [D:\PHPStorm\ArchFW\src\ArchFW\Controllers\Router.php]
[2018-12-06 01:45:13]
		[601] [Route favicon.ico has not been found in routes file!]
		Line 73 in file [D:\PHPStorm\ArchFW\src\ArchFW\Controllers\Router.php]
[2018-12-06 01:45:42]
		[601] [Route favicon.ico has not been found in routes file!]
		Line 73 in file [D:\PHPStorm\ArchFW\src\ArchFW\Controllers\Router.php]
[2018-12-06 01:45:43]
		[601] [Route favicon.ico has not been found in routes file!]
		Line 73 in file [D:\PHPStorm\ArchFW\src\ArchFW\Controllers\Router.php]
[2018-12-06 01:45:43]
		[601] [Route favicon.ico has not been found in routes file!]
		Line 73 in file [D:\PHPStorm\ArchFW\src\ArchFW\Controllers\Router.php]
[2018-12-06 01:45:43]
		[601] [Route favicon.ico has not been found in routes file!]
		Line 73 in file [D:\PHPStorm\ArchFW\src\ArchFW\Controllers\Router.php]
[2018-12-06 01:45:43]
		[601] [Route favicon.ico has not been found in routes file!]
		Line 73 in file [D:\PHPStorm\ArchFW\src\ArchFW\Controllers\Router.php]
[2018-12-06 01:45:50]
		[601] [Route favicon.ico has not been found in routes file!]
		Line 73 in file [D:\PHPStorm\ArchFW\src\ArchFW\Controllers\Router.php]
[2018-12-06 01:45:50]
		[601] [Route favicon.ico has not been found in routes file!]
		Line 73 in file [D:\PHPStorm\ArchFW\src\ArchFW\Controllers\Router.php]
[2018-12-06 01:45:50]
		[601] [Route favicon.ico has not been found in routes file!]
		Line 73 in file [D:\PHPStorm\ArchFW\src\ArchFW\Controllers\Router.php]
[2018-12-06 01:46:55]
		[601] [Route favicon.ico has not been found in routes file!]
		Line 74 in file [D:\PHPStorm\ArchFW\src\ArchFW\Controllers\Router.php]
[2018-12-06 01:46:56]
		[601] [Route favicon.ico has not been found in routes file!]
		Line 74 in file [D:\PHPStorm\ArchFW\src\ArchFW\Controllers\Router.php]
[2018-12-06 01:46:56]
		[601] [Route favicon.ico has not been found in routes file!]
		Line 74 in file [D:\PHPStorm\ArchFW\src\ArchFW\Controllers\Router.php]
[2018-12-06 01:47:07]
		[601] [Route favicon.ico has not been found in routes file!]
		Line 74 in file [D:\PHPStorm\ArchFW\src\ArchFW\Controllers\Router.php]
[2018-12-06 01:47:08]
		[601] [Route favicon.ico has not been found in routes file!]
		Line 74 in file [D:\PHPStorm\ArchFW\src\ArchFW\Controllers\Router.php]
[2018-12-06 01:47:08]
		[601] [Route favicon.ico has not been found in routes file!]
		Line 74 in file [D:\PHPStorm\ArchFW\src\ArchFW\Controllers\Router.php]
[2018-12-06 01:47:31]
		[601] [Route favicon.ico has not been found in routes file!]
		Line 74 in file [D:\PHPStorm\ArchFW\src\ArchFW\Controllers\Router.php]
[2018-12-06 01:47:32]
		[601] [Route favicon.ico has not been found in routes file!]
		Line 74 in file [D:\PHPStorm\ArchFW\src\ArchFW\Controllers\Router.php]
[2018-12-06 01:47:32]
		[601] [Route favicon.ico has not been found in routes file!]
		Line 74 in file [D:\PHPStorm\ArchFW\src\ArchFW\Controllers\Router.php]
[2018-12-06 01:47:42]
		[601] [Route index has not been found in routes file!]
		Line 74 in file [D:\PHPStorm\ArchFW\src\ArchFW\Controllers\Router.php]
[2018-12-06 01:47:42]
		[601] [Route favicon.ico has not been found in routes file!]
		Line 74 in file [D:\PHPStorm\ArchFW\src\ArchFW\Controllers\Router.php]
[2018-12-06 01:47:50]
		[601] [Route ind has not been found in routes file!]
		Line 74 in file [D:\PHPStorm\ArchFW\src\ArchFW\Controllers\Router.php]
[2018-12-06 01:47:50]
		[601] [Route favicon.ico has not been found in routes file!]
		Line 74 in file [D:\PHPStorm\ArchFW\src\ArchFW\Controllers\Router.php]
[2018-12-06 01:47:55]
		[601] [Route index has not been found in routes file!]
		Line 74 in file [D:\PHPStorm\ArchFW\src\ArchFW\Controllers\Router.php]
[2018-12-06 01:47:55]
		[601] [Route favicon.ico has not been found in routes file!]
		Line 74 in file [D:\PHPStorm\ArchFW\src\ArchFW\Controllers\Router.php]
[2018-12-06 01:48:13]
		[601] [Route favicon.ico has not been found in routes file!]
		Line 74 in file [D:\PHPStorm\ArchFW\src\ArchFW\Controllers\Router.php]
[2018-12-06 01:49:59]
		[601] [Route favicon.ico has not been found in routes file!]
		Line 74 in file [D:\PHPStorm\ArchFW\src\ArchFW\Controllers\Router.php]
[2018-12-06 01:50:00]
		[601] [Route favicon.ico has not been found in routes file!]
		Line 74 in file [D:\PHPStorm\ArchFW\src\ArchFW\Controllers\Router.php]
[2018-12-06 01:50:39]
		[601] [Route favicon.ico has not been found in routes file!]
		Line 74 in file [D:\PHPStorm\ArchFW\src\ArchFW\Controllers\Router.php]
[2018-12-06 01:51:06]
		[601] [Route favicon.ico has not been found in routes file!]
		Line 74 in file [D:\PHPStorm\ArchFW\src\ArchFW\Controllers\Router.php]
[2018-12-06 02:01:38]
		[601] [Route favicon.ico has not been found in routes file!]
		Line 74 in file [D:\PHPStorm\ArchFW\src\ArchFW\Controllers\Router.php]
[2018-12-06 02:01:38]
		[601] [Route favicon.ico has not been found in routes file!]
		Line 74 in file [D:\PHPStorm\ArchFW\src\ArchFW\Controllers\Router.php]
[2018-12-06 02:01:38]
		[601] [Route favicon.ico has not been found in routes file!]
		Line 74 in file [D:\PHPStorm\ArchFW\src\ArchFW\Controllers\Router.php]
[2018-12-06 02:01:39]
		[601] [Route favicon.ico has not been found in routes file!]
		Line 74 in file [D:\PHPStorm\ArchFW\src\ArchFW\Controllers\Router.php]
[2018-12-06 02:01:39]
		[601] [Route favicon.ico has not been found in routes file!]
		Line 74 in file [D:\PHPStorm\ArchFW\src\ArchFW\Controllers\Router.php]
[2018-12-06 02:01:39]
		[601] [Route favicon.ico has not been found in routes file!]
		Line 74 in file [D:\PHPStorm\ArchFW\src\ArchFW\Controllers\Router.php]
[2018-12-06 02:02:15]
		[601] [Route favicon.ico has not been found in routes file!]
		Line 74 in file [D:\PHPStorm\ArchFW\src\ArchFW\Controllers\Router.php]
[2018-12-06 02:02:16]
		[601] [Route favicon.ico has not been found in routes file!]
		Line 74 in file [D:\PHPStorm\ArchFW\src\ArchFW\Controllers\Router.php]
[2018-12-06 02:02:16]
		[601] [Route favicon.ico has not been found in routes file!]
		Line 74 in file [D:\PHPStorm\ArchFW\src\ArchFW\Controllers\Router.php]
[2018-12-06 02:02:16]
		[601] [Route favicon.ico has not been found in routes file!]
		Line 74 in file [D:\PHPStorm\ArchFW\src\ArchFW\Controllers\Router.php]
[2018-12-06 02:02:17]
		[601] [Route favicon.ico has not been found in routes file!]
		Line 74 in file [D:\PHPStorm\ArchFW\src\ArchFW\Controllers\Router.php]
[2018-12-06 02:02:33]
		[601] [Route favicon.ico has not been found in routes file!]
		Line 74 in file [D:\PHPStorm\ArchFW\src\ArchFW\Controllers\Router.php]
[2018-12-06 02:02:34]
		[601] [Route favicon.ico has not been found in routes file!]
		Line 74 in file [D:\PHPStorm\ArchFW\src\ArchFW\Controllers\Router.php]
[2018-12-06 02:02:35]
		[601] [Route favicon.ico has not been found in routes file!]
		Line 74 in file [D:\PHPStorm\ArchFW\src\ArchFW\Controllers\Router.php]
[2018-12-06 02:02:35]
		[601] [Route favicon.ico has not been found in routes file!]
		Line 74 in file [D:\PHPStorm\ArchFW\src\ArchFW\Controllers\Router.php]
[2018-12-06 02:02:35]
		[601] [Route favicon.ico has not been found in routes file!]
		Line 74 in file [D:\PHPStorm\ArchFW\src\ArchFW\Controllers\Router.php]
[2018-12-06 02:02:35]
		[601] [Route favicon.ico has not been found in routes file!]
		Line 74 in file [D:\PHPStorm\ArchFW\src\ArchFW\Controllers\Router.php]
[2018-12-06 02:02:56]
		[601] [Route favicon.ico has not been found in routes file!]
		Line 74 in file [D:\PHPStorm\ArchFW\src\ArchFW\Controllers\Router.php]
[2018-12-06 02:03:39]
		[601] [Route favicon.ico has not been found in routes file!]
		Line 74 in file [D:\PHPStorm\ArchFW\src\ArchFW\Controllers\Router.php]
[2018-12-06 02:03:40]
		[601] [Route favicon.ico has not been found in routes file!]
		Line 74 in file [D:\PHPStorm\ArchFW\src\ArchFW\Controllers\Router.php]
[2018-12-06 02:04:54]
		[601] [Route favicon.ico has not been found in routes file!]
		Line 74 in file [D:\PHPStorm\ArchFW\src\ArchFW\Controllers\Router.php]
[2018-12-06 02:04:54]
		[601] [Route favicon.ico has not been found in routes file!]
		Line 74 in file [D:\PHPStorm\ArchFW\src\ArchFW\Controllers\Router.php]
[2018-12-06 02:04:54]
		[601] [Route favicon.ico has not been found in routes file!]
		Line 74 in file [D:\PHPStorm\ArchFW\src\ArchFW\Controllers\Router.php]
[2018-12-06 02:09:33]
		[601] [Route favicon.ico has not been found in routes file!]
		Line 77 in file [D:\PHPStorm\ArchFW\src\ArchFW\Controllers\Router.php]
[2018-12-06 02:09:34]
		[601] [Route favicon.ico has not been found in routes file!]
		Line 77 in file [D:\PHPStorm\ArchFW\src\ArchFW\Controllers\Router.php]
[2018-12-06 02:09:34]
		[601] [Route favicon.ico has not been found in routes file!]
		Line 77 in file [D:\PHPStorm\ArchFW\src\ArchFW\Controllers\Router.php]
[2018-12-06 02:09:48]
		[601] [Route favicon.ico has not been found in routes file!]
		Line 77 in file [D:\PHPStorm\ArchFW\src\ArchFW\Controllers\Router.php]
[2018-12-06 02:09:50]
		[601] [Route favicon.ico has not been found in routes file!]
		Line 77 in file [D:\PHPStorm\ArchFW\src\ArchFW\Controllers\Router.php]
[2018-12-06 02:10:18]
		[601] [Route favicon.ico has not been found in routes file!]
		Line 77 in file [D:\PHPStorm\ArchFW\src\ArchFW\Controllers\Router.php]
[2018-12-06 02:11:32]
		[601] [Route favicon.ico has not been found in routes file!]
		Line 77 in file [D:\PHPStorm\ArchFW\src\ArchFW\Controllers\Router.php]
[2018-12-06 02:11:33]
		[601] [Route favicon.ico has not been found in routes file!]
		Line 77 in file [D:\PHPStorm\ArchFW\src\ArchFW\Controllers\Router.php]
[2018-12-06 02:11:33]
		[601] [Route favicon.ico has not been found in routes file!]
		Line 77 in file [D:\PHPStorm\ArchFW\src\ArchFW\Controllers\Router.php]
[2018-12-06 02:11:47]
		[601] [Route favicon.ico has not been found in routes file!]
		Line 77 in file [D:\PHPStorm\ArchFW\src\ArchFW\Controllers\Router.php]
[2018-12-06 02:14:20]
		[601] [Route favicon.ico has not been found in routes file!]
		Line 77 in file [D:\PHPStorm\ArchFW\src\ArchFW\Controllers\Router.php]
[2018-12-06 17:03:30]
		[601] [Route favicon.ico has not been found in routes file!]
		Line 77 in file [D:\PHPStorm\ArchFW\src\ArchFW\Controllers\Router.php]
[2018-12-06 17:11:38]
		[601] [Route favicon.ico has not been found in routes file!]
		Line 77 in file [D:\PHPStorm\ArchFW\src\ArchFW\Controllers\Router.php]
[2018-12-06 17:11:39]
		[601] [Route favicon.ico has not been found in routes file!]
		Line 77 in file [D:\PHPStorm\ArchFW\src\ArchFW\Controllers\Router.php]
[2018-12-06 17:11:39]
		[601] [Route favicon.ico has not been found in routes file!]
		Line 77 in file [D:\PHPStorm\ArchFW\src\ArchFW\Controllers\Router.php]
[2018-12-06 17:12:48]
		[601] [Route ?dupa=var has not been found in routes file!]
		Line 77 in file [D:\PHPStorm\ArchFW\src\ArchFW\Controllers\Router.php]
[2018-12-06 17:12:49]
		[601] [Route favicon.ico has not been found in routes file!]
		Line 77 in file [D:\PHPStorm\ArchFW\src\ArchFW\Controllers\Router.php]
[2018-12-06 17:12:57]
		[601] [Route alla?dupa=var has not been found in routes file!]
		Line 77 in file [D:\PHPStorm\ArchFW\src\ArchFW\Controllers\Router.php]
[2018-12-06 17:12:57]
		[601] [Route favicon.ico has not been found in routes file!]
		Line 77 in file [D:\PHPStorm\ArchFW\src\ArchFW\Controllers\Router.php]
[2018-12-06 17:16:33]
		[601] [Route alla has not been found in routes file!]
		Line 78 in file [D:\PHPStorm\ArchFW\src\ArchFW\Controllers\Router.php]
[2018-12-06 17:16:33]
		[601] [Route favicon.ico has not been found in routes file!]
		Line 78 in file [D:\PHPStorm\ArchFW\src\ArchFW\Controllers\Router.php]
[2018-12-06 17:16:41]
		[601] [Route a has not been found in routes file!]
		Line 78 in file [D:\PHPStorm\ArchFW\src\ArchFW\Controllers\Router.php]
[2018-12-06 17:16:41]
		[601] [Route favicon.ico has not been found in routes file!]
		Line 78 in file [D:\PHPStorm\ArchFW\src\ArchFW\Controllers\Router.php]
[2018-12-06 17:17:27]
		[601] [Route favicon.ico has not been found in routes file!]
		Line 78 in file [D:\PHPStorm\ArchFW\src\ArchFW\Controllers\Router.php]